# JRE version: Java(TM) SE Runtime Environment (8.0_131-b11) (build 1.8.0_131-b11)
# Java VM: Java HotSpot(TM) 64-Bit Server VM (25.131-b11 mixed mode windows-amd64 compressed oops)
Heap:
 PSYoungGen      total 367104K, used 11895K [0x000000076b500000, 0x0000000783700000, 0x00000007c0000000)
  eden space 348160K, 0% used [0x000000076b500000,0x000000076b500000,0x0000000780900000)
  from space 18944K, 62% used [0x0000000782480000,0x000000078301de90,0x0000000783700000)
  to   space 23552K, 0% used [0x0000000780900000,0x0000000780900000,0x0000000782000000)
 ParOldGen       total 228864K, used 28136K [0x00000006c1e00000, 0x00000006cfd80000, 0x000000076b500000)
  object space 228864K, 12% used [0x00000006c1e00000,0x00000006c397a088,0x00000006cfd80000)
 Metaspace       used 64392K, capacity 67472K, committed 67624K, reserved 1107968K
  class space    used 8438K, capacity 8945K, committed 9008K, reserved 1048576K
GC Heap History (10 events):
Event: 16289.028 GC heap after
Heap after GC invocations=16 (full 3):
 PSYoungGen      total 336384K, used 4000K [0x000000076b500000, 0x0000000784080000, 0x00000007c0000000)
  eden space 313344K, 0% used [0x000000076b500000,0x000000076b500000,0x000000077e700000)
  from space 23040K, 17% used [0x000000077e700000,0x000000077eae82d0,0x000000077fd80000)
  to   space 22528K, 0% used [0x0000000782a80000,0x0000000782a80000,0x0000000784080000)
 ParOldGen       total 228864K, used 38026K [0x00000006c1e00000, 0x00000006cfd80000, 0x000000076b500000)
  object space 228864K, 16% used [0x00000006c1e00000,0x00000006c4322860,0x00000006cfd80000)
 Metaspace       used 60926K, capacity 63544K, committed 63656K, reserved 1103872K
  class space    used 8105K, capacity 8581K, committed 8624K, reserved 1048576K
}
Event: 17975.903 GC heap before
{Heap before GC invocations=17 (full 3):
 PSYoungGen      total 336384K, used 127140K [0x000000076b500000, 0x0000000784080000, 0x00000007c0000000)
  eden space 313344K, 39% used [0x000000076b500000,0x0000000772d40e28,0x000000077e700000)
  from space 23040K, 17% used [0x000000077e700000,0x000000077eae82d0,0x000000077fd80000)
  to   space 22528K, 0% used [0x0000000782a80000,0x0000000782a80000,0x0000000784080000)
 ParOldGen       total 228864K, used 38026K [0x00000006c1e00000, 0x00000006cfd80000, 0x000000076b500000)
  object space 228864K, 16% used [0x00000006c1e00000,0x00000006c4322860,0x00000006cfd80000)
 Metaspace       used 61310K, capacity 63998K, committed 64168K, reserved 1105920K
  class space    used 8136K, capacity 8615K, committed 8624K, reserved 1048576K
Event: 17975.928 GC heap after
Heap after GC invocations=17 (full 3):
 PSYoungGen      total 382464K, used 2720K [0x000000076b500000, 0x0000000784080000, 0x00000007c0000000)
  eden space 359936K, 0% used [0x000000076b500000,0x000000076b500000,0x0000000781480000)
  from space 22528K, 12% used [0x0000000782a80000,0x0000000782d28150,0x0000000784080000)
  to   space 22528K, 0% used [0x0000000781480000,0x0000000781480000,0x0000000782a80000)
 ParOldGen       total 228864K, used 38034K [0x00000006c1e00000, 0x00000006cfd80000, 0x000000076b500000)
  object space 228864K, 16% used [0x00000006c1e00000,0x00000006c4324860,0x00000006cfd80000)
 Metaspace       used 61310K, capacity 63998K, committed 64168K, reserved 1105920K
  class space    used 8136K, capacity 8615K, committed 8624K, reserved 1048576K
}
Event: 17975.928 GC heap before
{Heap before GC invocations=18 (full 4):
 PSYoungGen      total 382464K, used 2720K [0x000000076b500000, 0x0000000784080000, 0x00000007c0000000)
  eden space 359936K, 0% used [0x000000076b500000,0x000000076b500000,0x0000000781480000)
  from space 22528K, 12% used [0x0000000782a80000,0x0000000782d28150,0x0000000784080000)
  to   space 22528K, 0% used [0x0000000781480000,0x0000000781480000,0x0000000782a80000)
 ParOldGen       total 228864K, used 38034K [0x00000006c1e00000, 0x00000006cfd80000, 0x000000076b500000)
  object space 228864K, 16% used [0x00000006c1e00000,0x00000006c4324860,0x00000006cfd80000)
 Metaspace       used 61310K, capacity 63998K, committed 64168K, reserved 1105920K
  class space    used 8136K, capacity 8615K, committed 8624K, reserved 1048576K
Event: 17976.071 GC heap after
Heap after GC invocations=18 (full 4):
 PSYoungGen      total 382464K, used 0K [0x000000076b500000, 0x0000000784080000, 0x00000007c0000000)
  eden space 359936K, 0% used [0x000000076b500000,0x000000076b500000,0x0000000781480000)
  from space 22528K, 0% used [0x0000000782a80000,0x0000000782a80000,0x0000000784080000)
  to   space 22528K, 0% used [0x0000000781480000,0x0000000781480000,0x0000000782a80000)
 ParOldGen       total 228864K, used 28120K [0x00000006c1e00000, 0x00000006cfd80000, 0x000000076b500000)
  object space 228864K, 12% used [0x00000006c1e00000,0x00000006c3976088,0x00000006cfd80000)
 Metaspace       used 61094K, capacity 63660K, committed 64168K, reserved 1105920K
  class space    used 8102K, capacity 8554K, committed 8624K, reserved 1048576K
}
Event: 18812.130 GC heap before
{Heap before GC invocations=19 (full 4):
 PSYoungGen      total 382464K, used 359936K [0x000000076b500000, 0x0000000784080000, 0x00000007c0000000)
  eden space 359936K, 100% used [0x000000076b500000,0x0000000781480000,0x0000000781480000)
  from space 22528K, 0% used [0x0000000782a80000,0x0000000782a80000,0x0000000784080000)
  to   space 22528K, 0% used [0x0000000781480000,0x0000000781480000,0x0000000782a80000)
 ParOldGen       total 228864K, used 28120K [0x00000006c1e00000, 0x00000006cfd80000, 0x000000076b500000)
  object space 228864K, 12% used [0x00000006c1e00000,0x00000006c3976088,0x00000006cfd80000)
 Metaspace       used 63415K, capacity 66334K, committed 66472K, reserved 1107968K
  class space    used 8331K, capacity 8823K, committed 8880K, reserved 1048576K
Event: 18812.156 GC heap after
Heap after GC invocations=19 (full 4):
 PSYoungGen      total 364544K, used 16309K [0x000000076b500000, 0x0000000783800000, 0x00000007c0000000)
  eden space 348160K, 0% used [0x000000076b500000,0x000000076b500000,0x0000000780900000)
  from space 16384K, 99% used [0x0000000781480000,0x000000078246d5c0,0x0000000782480000)
  to   space 19968K, 0% used [0x0000000782480000,0x0000000782480000,0x0000000783800000)
 ParOldGen       total 228864K, used 28128K [0x00000006c1e00000, 0x00000006cfd80000, 0x000000076b500000)
  object space 228864K, 12% used [0x00000006c1e00000,0x00000006c3978088,0x00000006cfd80000)
 Metaspace       used 63415K, capacity 66334K, committed 66472K, reserved 1107968K
  class space    used 8331K, capacity 8823K, committed 8880K, reserved 1048576K
}
Event: 20118.864 GC heap before
{Heap before GC invocations=20 (full 4):
 PSYoungGen      total 364544K, used 172015K [0x000000076b500000, 0x0000000783800000, 0x00000007c0000000)
  eden space 348160K, 44% used [0x000000076b500000,0x0000000774d0e9a8,0x0000000780900000)
  from space 16384K, 99% used [0x0000000781480000,0x000000078246d5c0,0x0000000782480000)
  to   space 19968K, 0% used [0x0000000782480000,0x0000000782480000,0x0000000783800000)
 ParOldGen       total 228864K, used 28128K [0x00000006c1e00000, 0x00000006cfd80000, 0x000000076b500000)
  object space 228864K, 12% used [0x00000006c1e00000,0x00000006c3978088,0x00000006cfd80000)
 Metaspace       used 64392K, capacity 67472K, committed 67624K, reserved 1107968K
  class space    used 8438K, capacity 8945K, committed 9008K, reserved 1048576K
Event: 20118.891 GC heap after
Heap after GC invocations=20 (full 4):
 PSYoungGen      total 367104K, used 11895K [0x000000076b500000, 0x0000000783700000, 0x00000007c0000000)
  eden space 348160K, 0% used [0x000000076b500000,0x000000076b500000,0x0000000780900000)
  from space 18944K, 62% used [0x0000000782480000,0x000000078301de90,0x0000000783700000)
  to   space 23552K, 0% used [0x0000000780900000,0x0000000780900000,0x0000000782000000)
 ParOldGen       total 228864K, used 28136K [0x00000006c1e00000, 0x00000006cfd80000, 0x000000076b500000)
  object space 228864K, 12% used [0x00000006c1e00000,0x00000006c397a088,0x00000006cfd80000)
 Metaspace       used 64392K, capacity 67472K, committed 67624K, reserved 1107968K
  class space    used 8438K, capacity 8945K, committed 9008K, reserved 1048576K
}
Event: 20118.891 GC heap before
{Heap before GC invocations=21 (full 5):
 PSYoungGen      total 367104K, used 11895K [0x000000076b500000, 0x0000000783700000, 0x00000007c0000000)
  eden space 348160K, 0% used [0x000000076b500000,0x000000076b500000,0x0000000780900000)
  from space 18944K, 62% used [0x0000000782480000,0x000000078301de90,0x0000000783700000)
  to   space 23552K, 0% used [0x0000000780900000,0x0000000780900000,0x0000000782000000)
 ParOldGen       total 228864K, used 28136K [0x00000006c1e00000, 0x00000006cfd80000, 0x000000076b500000)
  object space 228864K, 12% used [0x00000006c1e00000,0x00000006c397a088,0x00000006cfd80000)
 Metaspace       used 64392K, capacity 67472K, committed 67624K, reserved 1107968K
  class space    used 8438K, capacity 8945K, committed 9008K, reserved 1048576K

