# JRE version: Java(TM) SE Runtime Environment (8.0_131-b11) (build 1.8.0_131-b11)
# Java VM: Java HotSpot(TM) 64-Bit Server VM (25.131-b11 mixed mode windows-amd64 compressed oops)
Heap:
 PSYoungGen      total 238592K, used 19449K [0x000000076b500000, 0x000000077c780000, 0x00000007c0000000)
  eden space 219136K, 0% used [0x000000076b500000,0x000000076b500000,0x0000000778b00000)
  from space 19456K, 99% used [0x000000077b180000,0x000000077c47e5e8,0x000000077c480000)
  to   space 3072K, 0% used [0x000000077c480000,0x000000077c480000,0x000000077c780000)
 ParOldGen       total 110592K, used 19441K [0x00000006c1e00000, 0x00000006c8a00000, 0x000000076b500000)
  object space 110592K, 17% used [0x00000006c1e00000,0x00000006c30fc608,0x00000006c8a00000)
 Metaspace       used 30628K, capacity 31306K, committed 31488K, reserved 1077248K
  class space    used 3589K, capacity 3804K, committed 3840K, reserved 1048576K
GC Heap History (10 events):
Event: 2.473 GC heap after
Heap after GC invocations=4 (full 0):
 PSYoungGen      total 141824K, used 10720K [0x000000076b500000, 0x0000000774a00000, 0x00000007c0000000)
  eden space 131072K, 0% used [0x000000076b500000,0x000000076b500000,0x0000000773500000)
  from space 10752K, 99% used [0x0000000773f80000,0x00000007749f8060,0x0000000774a00000)
  to   space 10752K, 0% used [0x0000000773500000,0x0000000773500000,0x0000000773f80000)
 ParOldGen       total 175104K, used 11565K [0x00000006c1e00000, 0x00000006cc900000, 0x000000076b500000)
  object space 175104K, 6% used [0x00000006c1e00000,0x00000006c294b6c8,0x00000006cc900000)
 Metaspace       used 19700K, capacity 20294K, committed 20480K, reserved 1067008K
  class space    used 2365K, capacity 2559K, committed 2560K, reserved 1048576K
}
Event: 2.521 GC heap before
{Heap before GC invocations=5 (full 0):
 PSYoungGen      total 141824K, used 16029K [0x000000076b500000, 0x0000000774a00000, 0x00000007c0000000)
  eden space 131072K, 4% used [0x000000076b500000,0x000000076ba2f4a8,0x0000000773500000)
  from space 10752K, 99% used [0x0000000773f80000,0x00000007749f8060,0x0000000774a00000)
  to   space 10752K, 0% used [0x0000000773500000,0x0000000773500000,0x0000000773f80000)
 ParOldGen       total 175104K, used 11565K [0x00000006c1e00000, 0x00000006cc900000, 0x000000076b500000)
  object space 175104K, 6% used [0x00000006c1e00000,0x00000006c294b6c8,0x00000006cc900000)
 Metaspace       used 20650K, capacity 21190K, committed 21296K, reserved 1069056K
  class space    used 2493K, capacity 2687K, committed 2688K, reserved 1048576K
Event: 2.536 GC heap after
Heap after GC invocations=5 (full 0):
 PSYoungGen      total 141824K, used 10720K [0x000000076b500000, 0x000000077d900000, 0x00000007c0000000)
  eden space 131072K, 0% used [0x000000076b500000,0x000000076b500000,0x0000000773500000)
  from space 10752K, 99% used [0x0000000773500000,0x0000000773f78040,0x0000000773f80000)
  to   space 18432K, 0% used [0x000000077c700000,0x000000077c700000,0x000000077d900000)
 ParOldGen       total 175104K, used 11861K [0x00000006c1e00000, 0x00000006cc900000, 0x000000076b500000)
  object space 175104K, 6% used [0x00000006c1e00000,0x00000006c29956c8,0x00000006cc900000)
 Metaspace       used 20650K, capacity 21190K, committed 21296K, reserved 1069056K
  class space    used 2493K, capacity 2687K, committed 2688K, reserved 1048576K
}
Event: 2.536 GC heap before
{Heap before GC invocations=6 (full 1):
 PSYoungGen      total 141824K, used 10720K [0x000000076b500000, 0x000000077d900000, 0x00000007c0000000)
  eden space 131072K, 0% used [0x000000076b500000,0x000000076b500000,0x0000000773500000)
  from space 10752K, 99% used [0x0000000773500000,0x0000000773f78040,0x0000000773f80000)
  to   space 18432K, 0% used [0x000000077c700000,0x000000077c700000,0x000000077d900000)
 ParOldGen       total 175104K, used 11861K [0x00000006c1e00000, 0x00000006cc900000, 0x000000076b500000)
  object space 175104K, 6% used [0x00000006c1e00000,0x00000006c29956c8,0x00000006cc900000)
 Metaspace       used 20650K, capacity 21190K, committed 21296K, reserved 1069056K
  class space    used 2493K, capacity 2687K, committed 2688K, reserved 1048576K
Event: 2.616 GC heap after
Heap after GC invocations=6 (full 1):
 PSYoungGen      total 141824K, used 0K [0x000000076b500000, 0x000000077d900000, 0x00000007c0000000)
  eden space 131072K, 0% used [0x000000076b500000,0x000000076b500000,0x0000000773500000)
  from space 10752K, 0% used [0x0000000773500000,0x0000000773500000,0x0000000773f80000)
  to   space 18432K, 0% used [0x000000077c700000,0x000000077c700000,0x000000077d900000)
 ParOldGen       total 110592K, used 19000K [0x00000006c1e00000, 0x00000006c8a00000, 0x000000076b500000)
  object space 110592K, 17% used [0x00000006c1e00000,0x00000006c308e068,0x00000006c8a00000)
 Metaspace       used 20650K, capacity 21190K, committed 21296K, reserved 1069056K
  class space    used 2493K, capacity 2687K, committed 2688K, reserved 1048576K
}
Event: 3.750 GC heap before
{Heap before GC invocations=7 (full 1):
 PSYoungGen      total 141824K, used 131072K [0x000000076b500000, 0x000000077d900000, 0x00000007c0000000)
  eden space 131072K, 100% used [0x000000076b500000,0x0000000773500000,0x0000000773500000)
  from space 10752K, 0% used [0x0000000773500000,0x0000000773500000,0x0000000773f80000)
  to   space 18432K, 0% used [0x000000077c700000,0x000000077c700000,0x000000077d900000)
 ParOldGen       total 110592K, used 19000K [0x00000006c1e00000, 0x00000006c8a00000, 0x000000076b500000)
  object space 110592K, 17% used [0x00000006c1e00000,0x00000006c308e068,0x00000006c8a00000)
 Metaspace       used 24075K, capacity 24670K, committed 24832K, reserved 1071104K
  class space    used 2836K, capacity 3010K, committed 3072K, reserved 1048576K
Event: 3.764 GC heap after
Heap after GC invocations=7 (full 1):
 PSYoungGen      total 236032K, used 16434K [0x000000076b500000, 0x000000077d780000, 0x00000007c0000000)
  eden space 219136K, 0% used [0x000000076b500000,0x000000076b500000,0x0000000778b00000)
  from space 16896K, 97% used [0x000000077c700000,0x000000077d70c8a0,0x000000077d780000)
  to   space 19456K, 0% used [0x000000077b180000,0x000000077b180000,0x000000077c480000)
 ParOldGen       total 110592K, used 19008K [0x00000006c1e00000, 0x00000006c8a00000, 0x000000076b500000)
  object space 110592K, 17% used [0x00000006c1e00000,0x00000006c3090068,0x00000006c8a00000)
 Metaspace       used 24075K, capacity 24670K, committed 24832K, reserved 1071104K
  class space    used 2836K, capacity 3010K, committed 3072K, reserved 1048576K
}
Event: 11.516 GC heap before
{Heap before GC invocations=8 (full 1):
 PSYoungGen      total 236032K, used 110201K [0x000000076b500000, 0x000000077d780000, 0x00000007c0000000)
  eden space 219136K, 42% used [0x000000076b500000,0x0000000771091eb0,0x0000000778b00000)
  from space 16896K, 97% used [0x000000077c700000,0x000000077d70c8a0,0x000000077d780000)
  to   space 19456K, 0% used [0x000000077b180000,0x000000077b180000,0x000000077c480000)
 ParOldGen       total 110592K, used 19008K [0x00000006c1e00000, 0x00000006c8a00000, 0x000000076b500000)
  object space 110592K, 17% used [0x00000006c1e00000,0x00000006c3090068,0x00000006c8a00000)
 Metaspace       used 30628K, capacity 31306K, committed 31488K, reserved 1077248K
  class space    used 3589K, capacity 3804K, committed 3840K, reserved 1048576K
Event: 11.530 GC heap after
Heap after GC invocations=8 (full 1):
 PSYoungGen      total 238592K, used 19449K [0x000000076b500000, 0x000000077c780000, 0x00000007c0000000)
  eden space 219136K, 0% used [0x000000076b500000,0x000000076b500000,0x0000000778b00000)
  from space 19456K, 99% used [0x000000077b180000,0x000000077c47e5e8,0x000000077c480000)
  to   space 3072K, 0% used [0x000000077c480000,0x000000077c480000,0x000000077c780000)
 ParOldGen       total 110592K, used 19441K [0x00000006c1e00000, 0x00000006c8a00000, 0x000000076b500000)
  object space 110592K, 17% used [0x00000006c1e00000,0x00000006c30fc608,0x00000006c8a00000)
 Metaspace       used 30628K, capacity 31306K, committed 31488K, reserved 1077248K
  class space    used 3589K, capacity 3804K, committed 3840K, reserved 1048576K
}
Event: 11.530 GC heap before
{Heap before GC invocations=9 (full 2):
 PSYoungGen      total 238592K, used 19449K [0x000000076b500000, 0x000000077c780000, 0x00000007c0000000)
  eden space 219136K, 0% used [0x000000076b500000,0x000000076b500000,0x0000000778b00000)
  from space 19456K, 99% used [0x000000077b180000,0x000000077c47e5e8,0x000000077c480000)
  to   space 3072K, 0% used [0x000000077c480000,0x000000077c480000,0x000000077c780000)
 ParOldGen       total 110592K, used 19441K [0x00000006c1e00000, 0x00000006c8a00000, 0x000000076b500000)
  object space 110592K, 17% used [0x00000006c1e00000,0x00000006c30fc608,0x00000006c8a00000)
 Metaspace       used 30628K, capacity 31306K, committed 31488K, reserved 1077248K
  class space    used 3589K, capacity 3804K, committed 3840K, reserved 1048576K

